<?xml version="1.0" encoding="utf-8" standalone="no"?>
<test-run id="2" testcasecount="1" result="Passed" total="1" passed="1" failed="0" inconclusive="0" skipped="0" asserts="1" engine-version="3.6.1.0" clr-version="4.0.30319.42000" start-time="2017-05-10 13:17:10Z" end-time="2017-05-10 13:17:13Z" duration="3.268915">
  <command-line><![CDATA[..\..\..\packages\NUnit.ConsoleRunner.3.6.1\tools\nunit3-console.exe  Datamining_Test.dll]]></command-line>
  <test-suite type="Assembly" id="0-1002" name="Datamining_Test.dll" fullname="C:\Users\Theko\OneDrive\Dokumenter\GitHub\datamining\Datamining_Test\bin\Debug\Datamining_Test.dll" runstate="Runnable" testcasecount="1" result="Passed" start-time="2017-05-10 13:17:13Z" end-time="2017-05-10 13:17:13Z" duration="0.068504" total="1" passed="1" failed="0" warnings="0" inconclusive="0" skipped="0" asserts="1">
    <environment framework-version="3.6.1.0" clr-version="4.0.30319.42000" os-version="Microsoft Windows NT 10.0.15063.0" platform="Win32NT" cwd="C:\Users\Theko\OneDrive\Dokumenter\GitHub\datamining\Datamining_Test\bin\Debug" machine-name="SURFACEDJUR" user="Theko" user-domain="SURFACEDJUR" culture="en-GB" uiculture="en-GB" os-architecture="x86" />
    <settings>
      <setting name="DisposeRunners" value="True" />
      <setting name="WorkDirectory" value="C:\Users\Theko\OneDrive\Dokumenter\GitHub\datamining\Datamining_Test\bin\Debug" />
      <setting name="ImageRuntimeVersion" value="4.0.30319" />
      <setting name="ImageTargetFrameworkName" value=".NETFramework,Version=v4.5.2" />
      <setting name="ImageRequiresX86" value="True" />
      <setting name="RunAsX86" value="True" />
      <setting name="ImageRequiresDefaultAppDomainAssemblyResolver" value="False" />
      <setting name="NumberOfTestWorkers" value="4" />
    </settings>
    <properties>
      <property name="_PID" value="12088" />
      <property name="_APPDOMAIN" value="domain-" />
    </properties>
    <test-suite type="TestSuite" id="0-1003" name="Datamining_Test" fullname="Datamining_Test" runstate="Runnable" testcasecount="1" result="Passed" start-time="2017-05-10 13:17:13Z" end-time="2017-05-10 13:17:13Z" duration="0.050586" total="1" passed="1" failed="0" warnings="0" inconclusive="0" skipped="0" asserts="1">
      <test-suite type="TestFixture" id="0-1000" name="UnitTest1" fullname="Datamining_Test.UnitTest1" classname="Datamining_Test.UnitTest1" runstate="Runnable" testcasecount="1" result="Passed" start-time="2017-05-10 13:17:13Z" end-time="2017-05-10 13:17:13Z" duration="0.045751" total="1" passed="1" failed="0" warnings="0" inconclusive="0" skipped="0" asserts="1">
        <test-case id="0-1001" name="TestMethod1" fullname="Datamining_Test.UnitTest1.TestMethod1" methodname="TestMethod1" classname="Datamining_Test.UnitTest1" runstate="Runnable" seed="387655992" result="Passed" start-time="2017-05-10 13:17:13Z" end-time="2017-05-10 13:17:13Z" duration="0.023667" asserts="1" />
      </test-suite>
    </test-suite>
  </test-suite>
</test-run>